[23:53:19] 🤖 Запуск EPG-робота v3 (Node.js)...
[23:53:19] 📂 Реестр каналов не найден, старт со стартового списка (25 каналов)
[23:53:19] 📡 Шаг 1: реальные XMLTV-агрегаторы...
[23:53:19]   → XMLTV: https://epgshare01.online/epgshare01/epg_ripper_ALL_SOURCES1.xml.gz
[23:53:23] ⚠️  https://epgshare01.online/epgshare01/epg_ripper_ALL_SOURCES1.xml.gz: Cannot create a string longer than 0x1fffffe8 characters
[23:53:23]   → XMLTV: https://raw.githubusercontent.com/Free-TV/IPTV/master/epg.xml
[23:53:23] ⚠️  https://raw.githubusercontent.com/Free-TV/IPTV/master/epg.xml: HTTP 404 для https://raw.githubusercontent.com/Free-TV/IPTV/master/epg.xml
[23:53:23]   → XMLTV: https://iptv-org.github.io/epg/guides/ru.xml
[23:53:23] ⚠️  https://iptv-org.github.io/epg/guides/ru.xml: HTTP 404 для https://iptv-org.github.io/epg/guides/ru.xml
[23:53:23] ⚠️  Ни один публичный XMLTV-источник не ответил в этот раз
[23:53:23] 🔍 Шаг 2: веб-поиск расписания для 25 каналов без данных...
[23:53:28]   ✅ Первый канал: 33 передач со страницы programma-peredach.com
[23:53:30]   ✅ Россия 1: 26 передач со страницы programma-peredach.com
[23:53:31] ⚠️  webSearch: ни один backend не дал результатов для "НТВ программа передач сегодня"
[23:53:31] ⚠️  webSearch: ни один backend не дал результатов для "СТС программа передач сегодня"
[23:53:32] ⚠️  webSearch: ни один backend не дал результатов для "РЕН ТВ программа передач сегодня"
[23:53:32] ⚠️  webSearch: ни один backend не дал результатов для "ТНТ программа передач сегодня"
[23:53:32] ⚠️  webSearch: ни один backend не дал результатов для "Пятый канал программа передач сегодня"
[23:53:33] ⚠️  webSearch: ни один backend не дал результатов для "ТВ Центр программа передач сегодня"
[23:53:33] ⚠️  webSearch: ни один backend не дал результатов для "ОТР программа передач сегодня"
[23:53:33] ⚠️  webSearch: ни один backend не дал результатов для "Звезда программа передач сегодня"
[23:53:34] ⚠️  webSearch: ни один backend не дал результатов для "ТВ-3 программа передач сегодня"
[23:53:34] ⚠️  webSearch: ни один backend не дал результатов для "Суббота! программа передач сегодня"
[23:53:34] ⚠️  webSearch: ни один backend не дал результатов для "Дом Кино программа передач сегодня"
[23:53:35] ⚠️  webSearch: ни один backend не дал результатов для "Карусель программа передач сегодня"
[23:53:35] ⚠️  webSearch: ни один backend не дал результатов для "Наука программа передач сегодня"
[23:53:36] ⚠️  webSearch: ни один backend не дал результатов для "МУЗ-ТВ программа передач сегодня"
[23:53:36] ⚠️  webSearch: ни один backend не дал результатов для "Матч! ТВ программа передач сегодня"
[23:53:36] ⚠️  webSearch: ни один backend не дал результатов для "Россия 24 программа передач сегодня"
[23:53:37] ⚠️  webSearch: ни один backend не дал результатов для "Домашний программа передач сегодня"
[23:53:37] ⚠️  webSearch: ни один backend не дал результатов для "Пятница! программа передач сегодня"
[23:53:37] ⚠️  webSearch: ни один backend не дал результатов для "Россия Культура программа передач сегодня"
[23:53:37] ⚠️  webSearch: ни один backend не дал результатов для "ТНТ4 программа передач сегодня"
[23:53:38] ⚠️  webSearch: ни один backend не дал результатов для "2x2 программа передач сегодня"
[23:53:38] ⚠️  webSearch: ни один backend не дал результатов для "Мир программа передач сегодня"
[23:53:38] ⚠️  webSearch: ни один backend не дал результатов для "Спас программа передач сегодня"
[23:53:38] 📺 Шаг 3 (резерв): Яндекс.ТВ API для 23 каналов без расписания...
[23:53:39] ⚠️  Яндекс.ТВ каталог недоступен: HTTP 404 для https://tv.yandex.ru/ajax/i-tv-region/get?resource=schedule&params=%7B%22channelLimit%22%3A1000%2C%22channelProgramsLimit%22%3A1%2C%22fields%22%3A%22schedules%2Cchannel%2Ctitle%2CsiteUrl%2Clogo%2CoriginalSize%2Csrc%2Cid%2Csynonyms%22%7D
[23:53:39] 🎬 Шаг 4: загрузка m3u8-плейлистов...
[23:53:40]   📺 Плейлист https://raw.githubusercontent.com/OinkTechLLC/livem3u/main/zabava-full.m3u: 2222 записей
[23:53:40]   📺 Плейлист https://raw.githubusercontent.com/OinkTechLtd/rulive/main/russ.m3u: 12 записей
[23:53:40]   📺 Плейлист https://raw.githubusercontent.com/OinkTechLLC/livem3u/main/smotrim.m3u: 310 записей
[23:53:40]   📡 Привязано 21 реальных потоков
[23:53:40] 💾 Реестр каналов сохранён: 25 каналов
[23:53:40] ✅ Итого: 25 каналов в реестре, 2 с реальным расписанием (4 передач), 20.5с
[20:53:40] 📊 schedule.json: 25 каналов, 4 передач
[20:53:40] 🏗️  Собираем docs/...
[20:53:40]   ✅ index.html
[20:53:40]   ✅ embed.html
[20:53:40]   ✅ player.html
[20:53:40] ✅ docs/ собран
[01:42:37] 🤖 Запуск EPG-робота v3 (Node.js)...
[01:42:37] 📂 Загружен реестр каналов: 25 каналов
[01:42:37] 📡 Шаг 1: реальные XMLTV-агрегаторы...
[01:42:37]   → XMLTV: https://epgshare01.online/epgshare01/epg_ripper_ALL_SOURCES1.xml.gz
[01:42:41] ⚠️  https://epgshare01.online/epgshare01/epg_ripper_ALL_SOURCES1.xml.gz: Cannot create a string longer than 0x1fffffe8 characters
[01:42:41]   → XMLTV: https://raw.githubusercontent.com/Free-TV/IPTV/master/epg.xml
[01:42:41] ⚠️  https://raw.githubusercontent.com/Free-TV/IPTV/master/epg.xml: HTTP 404 для https://raw.githubusercontent.com/Free-TV/IPTV/master/epg.xml
[01:42:41]   → XMLTV: https://iptv-org.github.io/epg/guides/ru.xml
[01:42:41] ⚠️  https://iptv-org.github.io/epg/guides/ru.xml: HTTP 404 для https://iptv-org.github.io/epg/guides/ru.xml
[01:42:41] ⚠️  Ни один публичный XMLTV-источник не ответил в этот раз
[01:42:41] 🔍 Шаг 2: веб-поиск расписания для 25 каналов без данных...
[01:42:43]   ✅ Первый канал: 33 передач со страницы programma-peredach.com
[01:42:44]   ✅ Россия 1: 26 передач со страницы programma-peredach.com
[01:42:45] ⚠️  webSearch: ни один backend не дал результатов для "НТВ программа передач сегодня"
[01:42:46] ⚠️  webSearch: ни один backend не дал результатов для "СТС программа передач сегодня"
[01:42:46] ⚠️  webSearch: ни один backend не дал результатов для "РЕН ТВ программа передач сегодня"
[01:42:46] ⚠️  webSearch: ни один backend не дал результатов для "ТНТ программа передач сегодня"
[01:42:46] ⚠️  webSearch: ни один backend не дал результатов для "Пятый канал программа передач сегодня"
[01:42:46] ⚠️  webSearch: ни один backend не дал результатов для "ТВ Центр программа передач сегодня"
[01:42:47] ⚠️  webSearch: ни один backend не дал результатов для "ОТР программа передач сегодня"
[01:42:47] ⚠️  webSearch: ни один backend не дал результатов для "Звезда программа передач сегодня"
[01:42:47] ⚠️  webSearch: ни один backend не дал результатов для "ТВ-3 программа передач сегодня"
[01:42:47] ⚠️  webSearch: ни один backend не дал результатов для "Суббота! программа передач сегодня"
[01:42:48] ⚠️  webSearch: ни один backend не дал результатов для "Дом Кино программа передач сегодня"
[01:42:48] ⚠️  webSearch: ни один backend не дал результатов для "Карусель программа передач сегодня"
[01:42:48] ⚠️  webSearch: ни один backend не дал результатов для "Наука программа передач сегодня"
[01:42:48] ⚠️  webSearch: ни один backend не дал результатов для "МУЗ-ТВ программа передач сегодня"
[01:42:49] ⚠️  webSearch: ни один backend не дал результатов для "Матч! ТВ программа передач сегодня"
[01:42:49] ⚠️  webSearch: ни один backend не дал результатов для "Россия 24 программа передач сегодня"
[01:42:49] ⚠️  webSearch: ни один backend не дал результатов для "Домашний программа передач сегодня"
[01:42:49] ⚠️  webSearch: ни один backend не дал результатов для "Пятница! программа передач сегодня"
[01:42:49] ⚠️  webSearch: ни один backend не дал результатов для "Россия Культура программа передач сегодня"
[01:42:49] ⚠️  webSearch: ни один backend не дал результатов для "ТНТ4 программа передач сегодня"
[01:42:50] ⚠️  webSearch: ни один backend не дал результатов для "2x2 программа передач сегодня"
[01:42:50] ⚠️  webSearch: ни один backend не дал результатов для "Мир программа передач сегодня"
[01:42:50] ⚠️  webSearch: ни один backend не дал результатов для "Спас программа передач сегодня"
[01:42:50] 📺 Шаг 3 (резерв): Яндекс.ТВ API для 23 каналов без расписания...
[01:42:51] ⚠️  Яндекс.ТВ каталог недоступен: HTTP 404 для https://tv.yandex.ru/ajax/i-tv-region/get?resource=schedule&params=%7B%22channelLimit%22%3A1000%2C%22channelProgramsLimit%22%3A1%2C%22fields%22%3A%22schedules%2Cchannel%2Ctitle%2CsiteUrl%2Clogo%2CoriginalSize%2Csrc%2Cid%2Csynonyms%22%7D
[01:42:51] 🎬 Шаг 4: загрузка m3u8-плейлистов...
[01:42:51]   📺 Плейлист https://raw.githubusercontent.com/OinkTechLLC/livem3u/main/zabava-full.m3u: 2222 записей
[01:42:51]   📺 Плейлист https://raw.githubusercontent.com/OinkTechLtd/rulive/main/russ.m3u: 12 записей
[01:42:51]   📺 Плейлист https://raw.githubusercontent.com/OinkTechLLC/livem3u/main/smotrim.m3u: 310 записей
[01:42:51]   📡 Привязано 0 реальных потоков
[01:42:51] 💾 Реестр каналов сохранён: 25 каналов
[01:42:51] ✅ Итого: 25 каналов в реестре, 2 с реальным расписанием (59 передач), 14.0с
[22:42:51] 📊 schedule.json: 25 каналов, 59 передач
[22:42:51] 🏗️  Собираем docs/...
[22:42:51]   ✅ index.html
[22:42:51]   ✅ embed.html
[22:42:51]   ✅ player.html
[22:42:51] ✅ docs/ собран
[05:56:37] 🤖 Запуск EPG-робота v3 (Node.js)...
[05:56:37] 📂 Загружен реестр каналов: 25 каналов
[05:56:37] 📡 Шаг 1: реальные XMLTV-агрегаторы...
[05:56:37]   → XMLTV: https://epgshare01.online/epgshare01/epg_ripper_ALL_SOURCES1.xml.gz
[05:56:41] ⚠️  https://epgshare01.online/epgshare01/epg_ripper_ALL_SOURCES1.xml.gz: Cannot create a string longer than 0x1fffffe8 characters
[05:56:41]   → XMLTV: https://raw.githubusercontent.com/Free-TV/IPTV/master/epg.xml
[05:56:42] ⚠️  https://raw.githubusercontent.com/Free-TV/IPTV/master/epg.xml: HTTP 404 для https://raw.githubusercontent.com/Free-TV/IPTV/master/epg.xml
[05:56:42]   → XMLTV: https://iptv-org.github.io/epg/guides/ru.xml
[05:56:42] ⚠️  https://iptv-org.github.io/epg/guides/ru.xml: HTTP 404 для https://iptv-org.github.io/epg/guides/ru.xml
[05:56:42] ⚠️  Ни один публичный XMLTV-источник не ответил в этот раз
[05:56:42] 🔍 Шаг 2: веб-поиск расписания для 25 каналов без данных...
[05:56:43]   ✅ Первый канал: 33 передач со страницы programma-peredach.com
[05:56:45]   ✅ Россия 1: 26 передач со страницы programma-peredach.com
[05:56:46] ⚠️  webSearch: ни один backend не дал результатов для "НТВ программа передач сегодня"
[05:56:46] ⚠️  webSearch: ни один backend не дал результатов для "СТС программа передач сегодня"
[05:56:46] ⚠️  webSearch: ни один backend не дал результатов для "РЕН ТВ программа передач сегодня"
[05:56:47] ⚠️  webSearch: ни один backend не дал результатов для "ТНТ программа передач сегодня"
[05:56:47] ⚠️  webSearch: ни один backend не дал результатов для "Пятый канал программа передач сегодня"
[05:56:48] ⚠️  webSearch: ни один backend не дал результатов для "ТВ Центр программа передач сегодня"
[05:56:48] ⚠️  webSearch: ни один backend не дал результатов для "ОТР программа передач сегодня"
[05:56:48] ⚠️  webSearch: ни один backend не дал результатов для "Звезда программа передач сегодня"
[05:56:49] ⚠️  webSearch: ни один backend не дал результатов для "ТВ-3 программа передач сегодня"
[05:56:49] ⚠️  webSearch: ни один backend не дал результатов для "Суббота! программа передач сегодня"
[05:56:49] ⚠️  webSearch: ни один backend не дал результатов для "Дом Кино программа передач сегодня"
[05:56:50] ⚠️  webSearch: ни один backend не дал результатов для "Карусель программа передач сегодня"
[05:56:50] ⚠️  webSearch: ни один backend не дал результатов для "Наука программа передач сегодня"
[05:56:50] ⚠️  webSearch: ни один backend не дал результатов для "МУЗ-ТВ программа передач сегодня"
[05:56:50] ⚠️  webSearch: ни один backend не дал результатов для "Матч! ТВ программа передач сегодня"
[05:56:51] ⚠️  webSearch: ни один backend не дал результатов для "Россия 24 программа передач сегодня"
[05:56:51] ⚠️  webSearch: ни один backend не дал результатов для "Домашний программа передач сегодня"
[05:56:51] ⚠️  webSearch: ни один backend не дал результатов для "Пятница! программа передач сегодня"
[05:56:52] ⚠️  webSearch: ни один backend не дал результатов для "Россия Культура программа передач сегодня"
[05:56:52] ⚠️  webSearch: ни один backend не дал результатов для "ТНТ4 программа передач сегодня"
[05:56:52] ⚠️  webSearch: ни один backend не дал результатов для "2x2 программа передач сегодня"
[05:56:53] ⚠️  webSearch: ни один backend не дал результатов для "Мир программа передач сегодня"
[05:56:53] ⚠️  webSearch: ни один backend не дал результатов для "Спас программа передач сегодня"
[05:56:53] 📺 Шаг 3 (резерв): Яндекс.ТВ API для 23 каналов без расписания...
[05:56:54] ⚠️  Яндекс.ТВ каталог недоступен: HTTP 404 для https://tv.yandex.ru/ajax/i-tv-region/get?resource=schedule&params=%7B%22channelLimit%22%3A1000%2C%22channelProgramsLimit%22%3A1%2C%22fields%22%3A%22schedules%2Cchannel%2Ctitle%2CsiteUrl%2Clogo%2CoriginalSize%2Csrc%2Cid%2Csynonyms%22%7D
[05:56:54] 🎬 Шаг 4: загрузка m3u8-плейлистов...
[05:56:54]   📺 Плейлист https://raw.githubusercontent.com/OinkTechLLC/livem3u/main/zabava-full.m3u: 2222 записей
[05:56:55]   📺 Плейлист https://raw.githubusercontent.com/OinkTechLtd/rulive/main/russ.m3u: 12 записей
[05:56:55]   📺 Плейлист https://raw.githubusercontent.com/OinkTechLLC/livem3u/main/smotrim.m3u: 310 записей
[05:56:55]   📡 Привязано 0 реальных потоков
[05:56:55] 💾 Реестр каналов сохранён: 25 каналов
[05:56:55] ✅ Итого: 25 каналов в реестре, 2 с реальным расписанием (49 передач), 17.7с
[02:56:55] 📊 schedule.json: 25 каналов, 49 передач
[02:56:55] 🏗️  Собираем docs/...
[02:56:55]   ✅ index.html
[02:56:55]   ✅ embed.html
[02:56:55]   ✅ player.html
[02:56:55] ✅ docs/ собран
[11:06:15] 🤖 Запуск EPG-робота v3 (Node.js)...
[11:06:15] 📂 Загружен реестр каналов: 25 каналов
[11:06:15] 📡 Шаг 1: реальные XMLTV-агрегаторы...
[11:06:15]   → XMLTV: https://epgshare01.online/epgshare01/epg_ripper_ALL_SOURCES1.xml.gz
[11:06:20] ⚠️  https://epgshare01.online/epgshare01/epg_ripper_ALL_SOURCES1.xml.gz: Cannot create a string longer than 0x1fffffe8 characters
[11:06:20]   → XMLTV: https://raw.githubusercontent.com/Free-TV/IPTV/master/epg.xml
[11:06:20] ⚠️  https://raw.githubusercontent.com/Free-TV/IPTV/master/epg.xml: HTTP 404 для https://raw.githubusercontent.com/Free-TV/IPTV/master/epg.xml
[11:06:20]   → XMLTV: https://iptv-org.github.io/epg/guides/ru.xml
[11:06:20] ⚠️  https://iptv-org.github.io/epg/guides/ru.xml: HTTP 404 для https://iptv-org.github.io/epg/guides/ru.xml
[11:06:20] ⚠️  Ни один публичный XMLTV-источник не ответил в этот раз
[11:06:20] 🔍 Шаг 2: веб-поиск расписания для 25 каналов без данных...
[11:06:22]   ✅ Первый канал: 32 передач со страницы programma-peredach.com
[11:06:23]   ✅ Россия 1: 26 передач со страницы programma-peredach.com
[11:06:24] ⚠️  webSearch: ни один backend не дал результатов для "НТВ программа передач сегодня"
[11:06:24] ⚠️  webSearch: ни один backend не дал результатов для "СТС программа передач сегодня"
[11:06:24] ⚠️  webSearch: ни один backend не дал результатов для "РЕН ТВ программа передач сегодня"
[11:06:25] ⚠️  webSearch: ни один backend не дал результатов для "ТНТ программа передач сегодня"
[11:06:25] ⚠️  webSearch: ни один backend не дал результатов для "Пятый канал программа передач сегодня"
[11:06:25] ⚠️  webSearch: ни один backend не дал результатов для "ТВ Центр программа передач сегодня"
[11:06:25] ⚠️  webSearch: ни один backend не дал результатов для "ОТР программа передач сегодня"
[11:06:25] ⚠️  webSearch: ни один backend не дал результатов для "Звезда программа передач сегодня"
[11:06:25] ⚠️  webSearch: ни один backend не дал результатов для "ТВ-3 программа передач сегодня"
[11:06:26] ⚠️  webSearch: ни один backend не дал результатов для "Суббота! программа передач сегодня"
[11:06:26] ⚠️  webSearch: ни один backend не дал результатов для "Дом Кино программа передач сегодня"
[11:06:26] ⚠️  webSearch: ни один backend не дал результатов для "Карусель программа передач сегодня"
[11:06:26] ⚠️  webSearch: ни один backend не дал результатов для "Наука программа передач сегодня"
[11:06:26] ⚠️  webSearch: ни один backend не дал результатов для "МУЗ-ТВ программа передач сегодня"
[11:06:26] ⚠️  webSearch: ни один backend не дал результатов для "Матч! ТВ программа передач сегодня"
[11:06:27] ⚠️  webSearch: ни один backend не дал результатов для "Россия 24 программа передач сегодня"
[11:06:27] ⚠️  webSearch: ни один backend не дал результатов для "Домашний программа передач сегодня"
[11:06:27] ⚠️  webSearch: ни один backend не дал результатов для "Пятница! программа передач сегодня"
[11:06:27] ⚠️  webSearch: ни один backend не дал результатов для "Россия Культура программа передач сегодня"
[11:06:27] ⚠️  webSearch: ни один backend не дал результатов для "ТНТ4 программа передач сегодня"
[11:06:27] ⚠️  webSearch: ни один backend не дал результатов для "2x2 программа передач сегодня"
[11:06:28] ⚠️  webSearch: ни один backend не дал результатов для "Мир программа передач сегодня"
[11:06:28] ⚠️  webSearch: ни один backend не дал результатов для "Спас программа передач сегодня"
[11:06:28] 📺 Шаг 3 (резерв): Яндекс.ТВ API для 23 каналов без расписания...
[11:06:29] ⚠️  Яндекс.ТВ каталог недоступен: HTTP 404 для https://tv.yandex.ru/ajax/i-tv-region/get?resource=schedule&params=%7B%22channelLimit%22%3A1000%2C%22channelProgramsLimit%22%3A1%2C%22fields%22%3A%22schedules%2Cchannel%2Ctitle%2CsiteUrl%2Clogo%2CoriginalSize%2Csrc%2Cid%2Csynonyms%22%7D
[11:06:29] 🎬 Шаг 4: загрузка m3u8-плейлистов...
[11:06:29]   📺 Плейлист https://raw.githubusercontent.com/OinkTechLLC/livem3u/main/zabava-full.m3u: 2222 записей
[11:06:29]   📺 Плейлист https://raw.githubusercontent.com/OinkTechLtd/rulive/main/russ.m3u: 12 записей
[11:06:29]   📺 Плейлист https://raw.githubusercontent.com/OinkTechLLC/livem3u/main/smotrim.m3u: 310 записей
[11:06:29]   📡 Привязано 0 реальных потоков
[11:06:29] 💾 Реестр каналов сохранён: 25 каналов
[11:06:29] ✅ Итого: 25 каналов в реестре, 2 с реальным расписанием (39 передач), 13.5с
[08:06:29] 📊 schedule.json: 25 каналов, 39 передач
[08:06:29] 🏗️  Собираем docs/...
[08:06:29]   ✅ index.html
[08:06:29]   ✅ embed.html
[08:06:29]   ✅ player.html
[08:06:29] ✅ docs/ собран
[15:19:08] 🤖 Запуск EPG-робота v3 (Node.js)...
[15:19:08] 📂 Загружен реестр каналов: 25 каналов
[15:19:08] 📡 Шаг 1: реальные XMLTV-агрегаторы...
[15:19:08]   → XMLTV: https://epgshare01.online/epgshare01/epg_ripper_ALL_SOURCES1.xml.gz
[15:19:12] ⚠️  https://epgshare01.online/epgshare01/epg_ripper_ALL_SOURCES1.xml.gz: Cannot create a string longer than 0x1fffffe8 characters
[15:19:12]   → XMLTV: https://raw.githubusercontent.com/Free-TV/IPTV/master/epg.xml
[15:19:12] ⚠️  https://raw.githubusercontent.com/Free-TV/IPTV/master/epg.xml: HTTP 404 для https://raw.githubusercontent.com/Free-TV/IPTV/master/epg.xml
[15:19:12]   → XMLTV: https://iptv-org.github.io/epg/guides/ru.xml
[15:19:12] ⚠️  https://iptv-org.github.io/epg/guides/ru.xml: HTTP 404 для https://iptv-org.github.io/epg/guides/ru.xml
[15:19:12] ⚠️  Ни один публичный XMLTV-источник не ответил в этот раз
[15:19:12] 🔍 Шаг 2: веб-поиск расписания для 25 каналов без данных...
[15:19:16]   ✅ Первый канал: 37 передач со страницы programma-peredach.com
[15:19:17]   ✅ Россия 1: 26 передач со страницы programma-peredach.com
[15:19:18] ⚠️  webSearch: ни один backend не дал результатов для "НТВ программа передач сегодня"
[15:19:19] ⚠️  webSearch: ни один backend не дал результатов для "СТС программа передач сегодня"
[15:19:19] ⚠️  webSearch: ни один backend не дал результатов для "РЕН ТВ программа передач сегодня"
[15:19:19] ⚠️  webSearch: ни один backend не дал результатов для "ТНТ программа передач сегодня"
[15:19:20] ⚠️  webSearch: ни один backend не дал результатов для "Пятый канал программа передач сегодня"
[15:19:20] ⚠️  webSearch: ни один backend не дал результатов для "ТВ Центр программа передач сегодня"
[15:19:20] ⚠️  webSearch: ни один backend не дал результатов для "ОТР программа передач сегодня"
[15:19:20] ⚠️  webSearch: ни один backend не дал результатов для "Звезда программа передач сегодня"
[15:19:21] ⚠️  webSearch: ни один backend не дал результатов для "ТВ-3 программа передач сегодня"
[15:19:21] ⚠️  webSearch: ни один backend не дал результатов для "Суббота! программа передач сегодня"
[15:19:21] ⚠️  webSearch: ни один backend не дал результатов для "Дом Кино программа передач сегодня"
[15:19:22] ⚠️  webSearch: ни один backend не дал результатов для "Карусель программа передач сегодня"
[15:19:22] ⚠️  webSearch: ни один backend не дал результатов для "Наука программа передач сегодня"
[15:19:22] ⚠️  webSearch: ни один backend не дал результатов для "МУЗ-ТВ программа передач сегодня"
[15:19:23] ⚠️  webSearch: ни один backend не дал результатов для "Матч! ТВ программа передач сегодня"
[15:19:23] ⚠️  webSearch: ни один backend не дал результатов для "Россия 24 программа передач сегодня"
[15:19:23] ⚠️  webSearch: ни один backend не дал результатов для "Домашний программа передач сегодня"
[15:19:23] ⚠️  webSearch: ни один backend не дал результатов для "Пятница! программа передач сегодня"
[15:19:24] ⚠️  webSearch: ни один backend не дал результатов для "Россия Культура программа передач сегодня"
[15:19:24] ⚠️  webSearch: ни один backend не дал результатов для "ТНТ4 программа передач сегодня"
[15:19:24] ⚠️  webSearch: ни один backend не дал результатов для "2x2 программа передач сегодня"
[15:19:25] ⚠️  webSearch: ни один backend не дал результатов для "Мир программа передач сегодня"
[15:19:25] ⚠️  webSearch: ни один backend не дал результатов для "Спас программа передач сегодня"
[15:19:25] 📺 Шаг 3 (резерв): Яндекс.ТВ API для 23 каналов без расписания...
[15:19:27] ⚠️  Яндекс.ТВ каталог недоступен: HTTP 404 для https://tv.yandex.ru/ajax/i-tv-region/get?resource=schedule&params=%7B%22channelLimit%22%3A1000%2C%22channelProgramsLimit%22%3A1%2C%22fields%22%3A%22schedules%2Cchannel%2Ctitle%2CsiteUrl%2Clogo%2CoriginalSize%2Csrc%2Cid%2Csynonyms%22%7D
[15:19:27] 🎬 Шаг 4: загрузка m3u8-плейлистов...
[15:19:27]   📺 Плейлист https://raw.githubusercontent.com/OinkTechLLC/livem3u/main/zabava-full.m3u: 2222 записей
[15:19:28]   📺 Плейлист https://raw.githubusercontent.com/OinkTechLtd/rulive/main/russ.m3u: 12 записей
[15:19:28]   📺 Плейлист https://raw.githubusercontent.com/OinkTechLLC/livem3u/main/smotrim.m3u: 310 записей
[15:19:28]   📡 Привязано 0 реальных потоков
[15:19:28] 💾 Реестр каналов сохранён: 25 каналов
[15:19:28] ✅ Итого: 25 каналов в реестре, 2 с реальным расписанием (34 передач), 20.1с
[12:19:28] 📊 schedule.json: 25 каналов, 34 передач
[12:19:28] 🏗️  Собираем docs/...
[12:19:28]   ✅ index.html
[12:19:28]   ✅ embed.html
[12:19:28]   ✅ player.html
[12:19:28] ✅ docs/ собран
[19:19:29] 🤖 Запуск EPG-робота v3 (Node.js)...
[19:19:29] 📂 Загружен реестр каналов: 25 каналов
[19:19:29] 📡 Шаг 1: реальные XMLTV-агрегаторы...
[19:19:29]   → XMLTV: https://epgshare01.online/epgshare01/epg_ripper_ALL_SOURCES1.xml.gz
[19:19:33] ⚠️  https://epgshare01.online/epgshare01/epg_ripper_ALL_SOURCES1.xml.gz: Cannot create a string longer than 0x1fffffe8 characters
[19:19:33]   → XMLTV: https://raw.githubusercontent.com/Free-TV/IPTV/master/epg.xml
[19:19:33] ⚠️  https://raw.githubusercontent.com/Free-TV/IPTV/master/epg.xml: HTTP 404 для https://raw.githubusercontent.com/Free-TV/IPTV/master/epg.xml
[19:19:33]   → XMLTV: https://iptv-org.github.io/epg/guides/ru.xml
[19:19:33] ⚠️  https://iptv-org.github.io/epg/guides/ru.xml: HTTP 404 для https://iptv-org.github.io/epg/guides/ru.xml
[19:19:33] ⚠️  Ни один публичный XMLTV-источник не ответил в этот раз
[19:19:33] 🔍 Шаг 2: веб-поиск расписания для 25 каналов без данных...
[19:19:35]   ✅ Первый канал: 37 передач со страницы programma-peredach.com
[19:19:36]   ✅ Россия 1: 26 передач со страницы programma-peredach.com
[19:19:37] ⚠️  webSearch: ни один backend не дал результатов для "НТВ программа передач сегодня"
[19:19:37] ⚠️  webSearch: ни один backend не дал результатов для "СТС программа передач сегодня"
[19:19:38] ⚠️  webSearch: ни один backend не дал результатов для "РЕН ТВ программа передач сегодня"
[19:19:38] ⚠️  webSearch: ни один backend не дал результатов для "ТНТ программа передач сегодня"
[19:19:38] ⚠️  webSearch: ни один backend не дал результатов для "Пятый канал программа передач сегодня"
[19:19:38] ⚠️  webSearch: ни один backend не дал результатов для "ТВ Центр программа передач сегодня"
[19:19:38] ⚠️  webSearch: ни один backend не дал результатов для "ОТР программа передач сегодня"
[19:19:38] ⚠️  webSearch: ни один backend не дал результатов для "Звезда программа передач сегодня"
[19:19:39] ⚠️  webSearch: ни один backend не дал результатов для "ТВ-3 программа передач сегодня"
[19:19:39] ⚠️  webSearch: ни один backend не дал результатов для "Суббота! программа передач сегодня"
[19:19:39] ⚠️  webSearch: ни один backend не дал результатов для "Дом Кино программа передач сегодня"
[19:19:39] ⚠️  webSearch: ни один backend не дал результатов для "Карусель программа передач сегодня"
[19:19:39] ⚠️  webSearch: ни один backend не дал результатов для "Наука программа передач сегодня"
[19:19:39] ⚠️  webSearch: ни один backend не дал результатов для "МУЗ-ТВ программа передач сегодня"
[19:19:40] ⚠️  webSearch: ни один backend не дал результатов для "Матч! ТВ программа передач сегодня"
[19:19:40] ⚠️  webSearch: ни один backend не дал результатов для "Россия 24 программа передач сегодня"
[19:19:40] ⚠️  webSearch: ни один backend не дал результатов для "Домашний программа передач сегодня"
[19:19:40] ⚠️  webSearch: ни один backend не дал результатов для "Пятница! программа передач сегодня"
[19:19:40] ⚠️  webSearch: ни один backend не дал результатов для "Россия Культура программа передач сегодня"
[19:19:41] ⚠️  webSearch: ни один backend не дал результатов для "ТНТ4 программа передач сегодня"
[19:19:41] ⚠️  webSearch: ни один backend не дал результатов для "2x2 программа передач сегодня"
[19:19:41] ⚠️  webSearch: ни один backend не дал результатов для "Мир программа передач сегодня"
[19:19:41] ⚠️  webSearch: ни один backend не дал результатов для "Спас программа передач сегодня"
[19:19:41] 📺 Шаг 3 (резерв): Яндекс.ТВ API для 23 каналов без расписания...
[19:19:42] ⚠️  Яндекс.ТВ каталог недоступен: HTTP 404 для https://tv.yandex.ru/ajax/i-tv-region/get?resource=schedule&params=%7B%22channelLimit%22%3A1000%2C%22channelProgramsLimit%22%3A1%2C%22fields%22%3A%22schedules%2Cchannel%2Ctitle%2CsiteUrl%2Clogo%2CoriginalSize%2Csrc%2Cid%2Csynonyms%22%7D
[19:19:42] 🎬 Шаг 4: загрузка m3u8-плейлистов...
[19:19:42]   📺 Плейлист https://raw.githubusercontent.com/OinkTechLLC/livem3u/main/zabava-full.m3u: 2222 записей
[19:19:42]   📺 Плейлист https://raw.githubusercontent.com/OinkTechLtd/rulive/main/russ.m3u: 12 записей
[19:19:42]   📺 Плейлист https://raw.githubusercontent.com/OinkTechLLC/livem3u/main/smotrim.m3u: 310 записей
[19:19:42]   📡 Привязано 0 реальных потоков
[19:19:42] 💾 Реестр каналов сохранён: 25 каналов
[19:19:42] ✅ Итого: 25 каналов в реестре, 2 с реальным расписанием (24 передач), 13.1с
[16:19:42] 📊 schedule.json: 25 каналов, 24 передач
[16:19:42] 🏗️  Собираем docs/...
[16:19:42]   ✅ index.html
[16:19:42]   ✅ embed.html
[16:19:42]   ✅ player.html
[16:19:42] ✅ docs/ собран
[23:26:40] 🤖 Запуск EPG-робота v3 (Node.js)...
[23:26:40] 📂 Загружен реестр каналов: 25 каналов
[23:26:40] 📡 Шаг 1: реальные XMLTV-агрегаторы...
[23:26:40]   → XMLTV: https://epgshare01.online/epgshare01/epg_ripper_ALL_SOURCES1.xml.gz
[23:26:44] ⚠️  https://epgshare01.online/epgshare01/epg_ripper_ALL_SOURCES1.xml.gz: Cannot create a string longer than 0x1fffffe8 characters
[23:26:44]   → XMLTV: https://raw.githubusercontent.com/Free-TV/IPTV/master/epg.xml
[23:26:44] ⚠️  https://raw.githubusercontent.com/Free-TV/IPTV/master/epg.xml: HTTP 404 для https://raw.githubusercontent.com/Free-TV/IPTV/master/epg.xml
[23:26:44]   → XMLTV: https://iptv-org.github.io/epg/guides/ru.xml
[23:26:45] ⚠️  https://iptv-org.github.io/epg/guides/ru.xml: HTTP 404 для https://iptv-org.github.io/epg/guides/ru.xml
[23:26:45] ⚠️  Ни один публичный XMLTV-источник не ответил в этот раз
[23:26:45] 🔍 Шаг 2: веб-поиск расписания для 25 каналов без данных...
[23:26:46]   ✅ Первый канал: 33 передач со страницы programma-peredach.com
[23:26:47]   ✅ Россия 1: 26 передач со страницы programma-peredach.com
[23:26:48] ⚠️  webSearch: ни один backend не дал результатов для "НТВ программа передач сегодня"
[23:26:49] ⚠️  webSearch: ни один backend не дал результатов для "СТС программа передач сегодня"
[23:26:49] ⚠️  webSearch: ни один backend не дал результатов для "РЕН ТВ программа передач сегодня"
[23:26:49] ⚠️  webSearch: ни один backend не дал результатов для "ТНТ программа передач сегодня"
[23:26:49] ⚠️  webSearch: ни один backend не дал результатов для "Пятый канал программа передач сегодня"
[23:26:50] ⚠️  webSearch: ни один backend не дал результатов для "ТВ Центр программа передач сегодня"
[23:26:50] ⚠️  webSearch: ни один backend не дал результатов для "ОТР программа передач сегодня"
[23:26:50] ⚠️  webSearch: ни один backend не дал результатов для "Звезда программа передач сегодня"
[23:26:51] ⚠️  webSearch: ни один backend не дал результатов для "ТВ-3 программа передач сегодня"
[23:26:51] ⚠️  webSearch: ни один backend не дал результатов для "Суббота! программа передач сегодня"
[23:26:51] ⚠️  webSearch: ни один backend не дал результатов для "Дом Кино программа передач сегодня"
[23:26:51] ⚠️  webSearch: ни один backend не дал результатов для "Карусель программа передач сегодня"
[23:26:51] ⚠️  webSearch: ни один backend не дал результатов для "Наука программа передач сегодня"
[23:26:51] ⚠️  webSearch: ни один backend не дал результатов для "МУЗ-ТВ программа передач сегодня"
[23:26:52] ⚠️  webSearch: ни один backend не дал результатов для "Матч! ТВ программа передач сегодня"
[23:26:52] ⚠️  webSearch: ни один backend не дал результатов для "Россия 24 программа передач сегодня"
[23:26:52] ⚠️  webSearch: ни один backend не дал результатов для "Домашний программа передач сегодня"
[23:26:52] ⚠️  webSearch: ни один backend не дал результатов для "Пятница! программа передач сегодня"
[23:26:53] ⚠️  webSearch: ни один backend не дал результатов для "Россия Культура программа передач сегодня"
[23:26:53] ⚠️  webSearch: ни один backend не дал результатов для "ТНТ4 программа передач сегодня"
[23:26:53] ⚠️  webSearch: ни один backend не дал результатов для "2x2 программа передач сегодня"
[23:26:53] ⚠️  webSearch: ни один backend не дал результатов для "Мир программа передач сегодня"
[23:26:53] ⚠️  webSearch: ни один backend не дал результатов для "Спас программа передач сегодня"
[23:26:53] 📺 Шаг 3 (резерв): Яндекс.ТВ API для 23 каналов без расписания...
[23:26:54] ⚠️  Яндекс.ТВ каталог недоступен: HTTP 404 для https://tv.yandex.ru/ajax/i-tv-region/get?resource=schedule&params=%7B%22channelLimit%22%3A1000%2C%22channelProgramsLimit%22%3A1%2C%22fields%22%3A%22schedules%2Cchannel%2Ctitle%2CsiteUrl%2Clogo%2CoriginalSize%2Csrc%2Cid%2Csynonyms%22%7D
[23:26:54] 🎬 Шаг 4: загрузка m3u8-плейлистов...
[23:26:54]   📺 Плейлист https://raw.githubusercontent.com/OinkTechLLC/livem3u/main/zabava-full.m3u: 2222 записей
[23:26:54]   📺 Плейлист https://raw.githubusercontent.com/OinkTechLtd/rulive/main/russ.m3u: 12 записей
[23:26:54]   📺 Плейлист https://raw.githubusercontent.com/OinkTechLLC/livem3u/main/smotrim.m3u: 310 записей
[23:26:54]   📡 Привязано 0 реальных потоков
[23:26:54] 💾 Реестр каналов сохранён: 25 каналов
[23:26:54] ✅ Итого: 25 каналов в реестре, 2 с реальным расписанием (6 передач), 14.3с
[20:26:55] 📊 schedule.json: 25 каналов, 6 передач
[20:26:55] 🏗️  Собираем docs/...
[20:26:55]   ✅ index.html
[20:26:55]   ✅ embed.html
[20:26:55]   ✅ player.html
[20:26:55] ✅ docs/ собран
[01:56:17] 🤖 Запуск EPG-робота v3 (Node.js)...
[01:56:17] 📂 Загружен реестр каналов: 25 каналов
[01:56:17] 📡 Шаг 1: реальные XMLTV-агрегаторы...
[01:56:17]   → XMLTV: https://epgshare01.online/epgshare01/epg_ripper_ALL_SOURCES1.xml.gz
[01:56:21] ⚠️  https://epgshare01.online/epgshare01/epg_ripper_ALL_SOURCES1.xml.gz: Cannot create a string longer than 0x1fffffe8 characters
[01:56:21]   → XMLTV: https://raw.githubusercontent.com/Free-TV/IPTV/master/epg.xml
[01:56:21] ⚠️  https://raw.githubusercontent.com/Free-TV/IPTV/master/epg.xml: HTTP 404 для https://raw.githubusercontent.com/Free-TV/IPTV/master/epg.xml
[01:56:21]   → XMLTV: https://iptv-org.github.io/epg/guides/ru.xml
[01:56:21] ⚠️  https://iptv-org.github.io/epg/guides/ru.xml: HTTP 404 для https://iptv-org.github.io/epg/guides/ru.xml
[01:56:21] ⚠️  Ни один публичный XMLTV-источник не ответил в этот раз
[01:56:21] 🔍 Шаг 2: веб-поиск расписания для 25 каналов без данных...
[01:56:23]   ✅ Первый канал: 33 передач со страницы programma-peredach.com
[01:56:24]   ✅ Россия 1: 26 передач со страницы programma-peredach.com
[01:56:25] ⚠️  webSearch: ни один backend не дал результатов для "НТВ программа передач сегодня"
[01:56:25] ⚠️  webSearch: ни один backend не дал результатов для "СТС программа передач сегодня"
[01:56:26] ⚠️  webSearch: ни один backend не дал результатов для "РЕН ТВ программа передач сегодня"
[01:56:26] ⚠️  webSearch: ни один backend не дал результатов для "ТНТ программа передач сегодня"
[01:56:26] ⚠️  webSearch: ни один backend не дал результатов для "Пятый канал программа передач сегодня"
[01:56:27] ⚠️  webSearch: ни один backend не дал результатов для "ТВ Центр программа передач сегодня"
[01:56:27] ⚠️  webSearch: ни один backend не дал результатов для "ОТР программа передач сегодня"
[01:56:27] ⚠️  webSearch: ни один backend не дал результатов для "Звезда программа передач сегодня"
[01:56:27] ⚠️  webSearch: ни один backend не дал результатов для "ТВ-3 программа передач сегодня"
[01:56:27] ⚠️  webSearch: ни один backend не дал результатов для "Суббота! программа передач сегодня"
[01:56:28] ⚠️  webSearch: ни один backend не дал результатов для "Дом Кино программа передач сегодня"
[01:56:28] ⚠️  webSearch: ни один backend не дал результатов для "Карусель программа передач сегодня"
[01:56:28] ⚠️  webSearch: ни один backend не дал результатов для "Наука программа передач сегодня"
[01:56:29] ⚠️  webSearch: ни один backend не дал результатов для "МУЗ-ТВ программа передач сегодня"
[01:56:29] ⚠️  webSearch: ни один backend не дал результатов для "Матч! ТВ программа передач сегодня"
[01:56:29] ⚠️  webSearch: ни один backend не дал результатов для "Россия 24 программа передач сегодня"
[01:56:29] ⚠️  webSearch: ни один backend не дал результатов для "Домашний программа передач сегодня"
[01:56:29] ⚠️  webSearch: ни один backend не дал результатов для "Пятница! программа передач сегодня"
[01:56:30] ⚠️  webSearch: ни один backend не дал результатов для "Россия Культура программа передач сегодня"
[01:56:30] ⚠️  webSearch: ни один backend не дал результатов для "ТНТ4 программа передач сегодня"
[01:56:31] ⚠️  webSearch: ни один backend не дал результатов для "2x2 программа передач сегодня"
[01:56:32] ⚠️  webSearch: ни один backend не дал результатов для "Мир программа передач сегодня"
[01:56:34] ⚠️  webSearch: ни один backend не дал результатов для "Спас программа передач сегодня"
[01:56:34] 📺 Шаг 3 (резерв): Яндекс.ТВ API для 23 каналов без расписания...
[01:56:34] ⚠️  Яндекс.ТВ каталог недоступен: HTTP 404 для https://tv.yandex.ru/ajax/i-tv-region/get?resource=schedule&params=%7B%22channelLimit%22%3A1000%2C%22channelProgramsLimit%22%3A1%2C%22fields%22%3A%22schedules%2Cchannel%2Ctitle%2CsiteUrl%2Clogo%2CoriginalSize%2Csrc%2Cid%2Csynonyms%22%7D
[01:56:34] 🎬 Шаг 4: загрузка m3u8-плейлистов...
[01:56:34]   📺 Плейлист https://raw.githubusercontent.com/OinkTechLLC/livem3u/main/zabava-full.m3u: 2222 записей
[01:56:34]   📺 Плейлист https://raw.githubusercontent.com/OinkTechLtd/rulive/main/russ.m3u: 12 записей
[01:56:34]   📺 Плейлист https://raw.githubusercontent.com/OinkTechLLC/livem3u/main/smotrim.m3u: 310 записей
[01:56:34]   📡 Привязано 0 реальных потоков
[01:56:34] 💾 Реестр каналов сохранён: 25 каналов
[01:56:34] ✅ Итого: 25 каналов в реестре, 2 с реальным расписанием (59 передач), 17.6с
[22:56:35] 📊 schedule.json: 25 каналов, 59 передач
[22:56:35] 🏗️  Собираем docs/...
[22:56:35]   ✅ index.html
[22:56:35]   ✅ embed.html
[22:56:35]   ✅ player.html
[22:56:35] ✅ docs/ собран
[07:21:48] 🤖 Запуск EPG-робота v3 (Node.js)...
[07:21:48] 📂 Загружен реестр каналов: 25 каналов
[07:21:48] 📡 Шаг 1: реальные XMLTV-агрегаторы...
[07:21:48]   → XMLTV: https://epgshare01.online/epgshare01/epg_ripper_ALL_SOURCES1.xml.gz
[07:21:52] ⚠️  https://epgshare01.online/epgshare01/epg_ripper_ALL_SOURCES1.xml.gz: Cannot create a string longer than 0x1fffffe8 characters
[07:21:52]   → XMLTV: https://raw.githubusercontent.com/Free-TV/IPTV/master/epg.xml
[07:21:52] ⚠️  https://raw.githubusercontent.com/Free-TV/IPTV/master/epg.xml: HTTP 404 для https://raw.githubusercontent.com/Free-TV/IPTV/master/epg.xml
[07:21:52]   → XMLTV: https://iptv-org.github.io/epg/guides/ru.xml
[07:21:52] ⚠️  https://iptv-org.github.io/epg/guides/ru.xml: HTTP 404 для https://iptv-org.github.io/epg/guides/ru.xml
[07:21:52] ⚠️  Ни один публичный XMLTV-источник не ответил в этот раз
[07:21:52] 🔍 Шаг 2: веб-поиск расписания для 25 каналов без данных...
[07:21:54]   ✅ Первый канал: 32 передач со страницы programma-peredach.com
[07:21:55]   ✅ Россия 1: 23 передач со страницы programma-peredach.com
[07:21:56] ⚠️  webSearch: ни один backend не дал результатов для "НТВ программа передач сегодня"
[07:21:57] ⚠️  webSearch: ни один backend не дал результатов для "СТС программа передач сегодня"
[07:21:57] ⚠️  webSearch: ни один backend не дал результатов для "РЕН ТВ программа передач сегодня"
[07:21:57] ⚠️  webSearch: ни один backend не дал результатов для "ТНТ программа передач сегодня"
[07:21:58] ⚠️  webSearch: ни один backend не дал результатов для "Пятый канал программа передач сегодня"
[07:21:58] ⚠️  webSearch: ни один backend не дал результатов для "ТВ Центр программа передач сегодня"
[07:21:58] ⚠️  webSearch: ни один backend не дал результатов для "ОТР программа передач сегодня"
[07:21:59] ⚠️  webSearch: ни один backend не дал результатов для "Звезда программа передач сегодня"
[07:21:59] ⚠️  webSearch: ни один backend не дал результатов для "ТВ-3 программа передач сегодня"
[07:21:59] ⚠️  webSearch: ни один backend не дал результатов для "Суббота! программа передач сегодня"
[07:21:59] ⚠️  webSearch: ни один backend не дал результатов для "Дом Кино программа передач сегодня"
[07:22:00] ⚠️  webSearch: ни один backend не дал результатов для "Карусель программа передач сегодня"
[07:22:00] ⚠️  webSearch: ни один backend не дал результатов для "Наука программа передач сегодня"
[07:22:00] ⚠️  webSearch: ни один backend не дал результатов для "МУЗ-ТВ программа передач сегодня"
[07:22:01] ⚠️  webSearch: ни один backend не дал результатов для "Матч! ТВ программа передач сегодня"
[07:22:01] ⚠️  webSearch: ни один backend не дал результатов для "Россия 24 программа передач сегодня"
[07:22:01] ⚠️  webSearch: ни один backend не дал результатов для "Домашний программа передач сегодня"
[07:22:02] ⚠️  webSearch: ни один backend не дал результатов для "Пятница! программа передач сегодня"
[07:22:02] ⚠️  webSearch: ни один backend не дал результатов для "Россия Культура программа передач сегодня"
[07:22:03] ⚠️  webSearch: ни один backend не дал результатов для "ТНТ4 программа передач сегодня"
[07:22:03] ⚠️  webSearch: ни один backend не дал результатов для "2x2 программа передач сегодня"
[07:22:03] ⚠️  webSearch: ни один backend не дал результатов для "Мир программа передач сегодня"
[07:22:04] ⚠️  webSearch: ни один backend не дал результатов для "Спас программа передач сегодня"
[07:22:04] 📺 Шаг 3 (резерв): Яндекс.ТВ API для 23 каналов без расписания...
[07:22:05] ⚠️  Яндекс.ТВ каталог недоступен: HTTP 404 для https://tv.yandex.ru/ajax/i-tv-region/get?resource=schedule&params=%7B%22channelLimit%22%3A1000%2C%22channelProgramsLimit%22%3A1%2C%22fields%22%3A%22schedules%2Cchannel%2Ctitle%2CsiteUrl%2Clogo%2CoriginalSize%2Csrc%2Cid%2Csynonyms%22%7D
[07:22:05] 🎬 Шаг 4: загрузка m3u8-плейлистов...
[07:22:05]   📺 Плейлист https://raw.githubusercontent.com/OinkTechLLC/livem3u/main/zabava-full.m3u: 2222 записей
[07:22:05]   📺 Плейлист https://raw.githubusercontent.com/OinkTechLtd/rulive/main/russ.m3u: 12 записей
[07:22:05]   📺 Плейлист https://raw.githubusercontent.com/OinkTechLLC/livem3u/main/smotrim.m3u: 310 записей
[07:22:05]   📡 Привязано 0 реальных потоков
[07:22:05] 💾 Реестр каналов сохранён: 25 каналов
[07:22:05] ✅ Итого: 25 каналов в реестре, 2 с реальным расписанием (42 передач), 17.5с
[04:22:05] 📊 schedule.json: 25 каналов, 42 передач
[04:22:05] 🏗️  Собираем docs/...
[04:22:05]   ✅ index.html
[04:22:05]   ✅ embed.html
[04:22:05]   ✅ player.html
[04:22:05] ✅ docs/ собран
[13:27:30] 🤖 Запуск EPG-робота v3 (Node.js)...
[13:27:30] 📂 Загружен реестр каналов: 25 каналов
[13:27:30] 📡 Шаг 1: реальные XMLTV-агрегаторы...
[13:27:30]   → XMLTV: https://epgshare01.online/epgshare01/epg_ripper_ALL_SOURCES1.xml.gz
[13:27:34] ⚠️  https://epgshare01.online/epgshare01/epg_ripper_ALL_SOURCES1.xml.gz: Cannot create a string longer than 0x1fffffe8 characters
[13:27:34]   → XMLTV: https://raw.githubusercontent.com/Free-TV/IPTV/master/epg.xml
[13:27:34] ⚠️  https://raw.githubusercontent.com/Free-TV/IPTV/master/epg.xml: HTTP 404 для https://raw.githubusercontent.com/Free-TV/IPTV/master/epg.xml
[13:27:34]   → XMLTV: https://iptv-org.github.io/epg/guides/ru.xml
[13:27:34] ⚠️  https://iptv-org.github.io/epg/guides/ru.xml: HTTP 404 для https://iptv-org.github.io/epg/guides/ru.xml
[13:27:34] ⚠️  Ни один публичный XMLTV-источник не ответил в этот раз
[13:27:34] 🔍 Шаг 2: веб-поиск расписания для 25 каналов без данных...
[13:27:36]   ✅ Первый канал: 32 передач со страницы programma-peredach.com
[13:27:37]   ✅ Россия 1: 23 передач со страницы programma-peredach.com
[13:27:38] ⚠️  webSearch: ни один backend не дал результатов для "НТВ программа передач сегодня"
[13:27:38] ⚠️  webSearch: ни один backend не дал результатов для "СТС программа передач сегодня"
[13:27:39] ⚠️  webSearch: ни один backend не дал результатов для "РЕН ТВ программа передач сегодня"
[13:27:39] ⚠️  webSearch: ни один backend не дал результатов для "ТНТ программа передач сегодня"
[13:27:39] ⚠️  webSearch: ни один backend не дал результатов для "Пятый канал программа передач сегодня"
[13:27:39] ⚠️  webSearch: ни один backend не дал результатов для "ТВ Центр программа передач сегодня"
[13:27:39] ⚠️  webSearch: ни один backend не дал результатов для "ОТР программа передач сегодня"
[13:27:39] ⚠️  webSearch: ни один backend не дал результатов для "Звезда программа передач сегодня"
[13:27:40] ⚠️  webSearch: ни один backend не дал результатов для "ТВ-3 программа передач сегодня"
[13:27:40] ⚠️  webSearch: ни один backend не дал результатов для "Суббота! программа передач сегодня"
[13:27:40] ⚠️  webSearch: ни один backend не дал результатов для "Дом Кино программа передач сегодня"
[13:27:40] ⚠️  webSearch: ни один backend не дал результатов для "Карусель программа передач сегодня"
[13:27:40] ⚠️  webSearch: ни один backend не дал результатов для "Наука программа передач сегодня"
[13:27:40] ⚠️  webSearch: ни один backend не дал результатов для "МУЗ-ТВ программа передач сегодня"
[13:27:41] ⚠️  webSearch: ни один backend не дал результатов для "Матч! ТВ программа передач сегодня"
[13:27:41] ⚠️  webSearch: ни один backend не дал результатов для "Россия 24 программа передач сегодня"
[13:27:41] ⚠️  webSearch: ни один backend не дал результатов для "Домашний программа передач сегодня"
[13:27:41] ⚠️  webSearch: ни один backend не дал результатов для "Пятница! программа передач сегодня"
[13:27:41] ⚠️  webSearch: ни один backend не дал результатов для "Россия Культура программа передач сегодня"
[13:27:41] ⚠️  webSearch: ни один backend не дал результатов для "ТНТ4 программа передач сегодня"
[13:27:41] ⚠️  webSearch: ни один backend не дал результатов для "2x2 программа передач сегодня"
[13:27:42] ⚠️  webSearch: ни один backend не дал результатов для "Мир программа передач сегодня"
[13:27:42] ⚠️  webSearch: ни один backend не дал результатов для "Спас программа передач сегодня"
[13:27:42] 📺 Шаг 3 (резерв): Яндекс.ТВ API для 23 каналов без расписания...
[13:27:43] ⚠️  Яндекс.ТВ каталог недоступен: HTTP 404 для https://tv.yandex.ru/ajax/i-tv-region/get?resource=schedule&params=%7B%22channelLimit%22%3A1000%2C%22channelProgramsLimit%22%3A1%2C%22fields%22%3A%22schedules%2Cchannel%2Ctitle%2CsiteUrl%2Clogo%2CoriginalSize%2Csrc%2Cid%2Csynonyms%22%7D
[13:27:43] 🎬 Шаг 4: загрузка m3u8-плейлистов...
[13:27:43]   📺 Плейлист https://raw.githubusercontent.com/OinkTechLLC/livem3u/main/zabava-full.m3u: 2222 записей
[13:27:43]   📺 Плейлист https://raw.githubusercontent.com/OinkTechLtd/rulive/main/russ.m3u: 12 записей
[13:27:43]   📺 Плейлист https://raw.githubusercontent.com/OinkTechLLC/livem3u/main/smotrim.m3u: 310 записей
[13:27:43]   📡 Привязано 0 реальных потоков
[13:27:43] 💾 Реестр каналов сохранён: 25 каналов
[13:27:43] ✅ Итого: 25 каналов в реестре, 2 с реальным расписанием (32 передач), 13.0с
[10:27:43] 📊 schedule.json: 25 каналов, 32 передач
[10:27:43] 🏗️  Собираем docs/...
[10:27:43]   ✅ index.html
[10:27:43]   ✅ embed.html
[10:27:43]   ✅ player.html
[10:27:43] ✅ docs/ собран
[18:19:21] 🤖 Запуск EPG-робота v3 (Node.js)...
[18:19:21] 📂 Загружен реестр каналов: 25 каналов
[18:19:21] 📡 Шаг 1: реальные XMLTV-агрегаторы...
[18:19:21]   → XMLTV: https://epgshare01.online/epgshare01/epg_ripper_ALL_SOURCES1.xml.gz
[18:19:25] ⚠️  https://epgshare01.online/epgshare01/epg_ripper_ALL_SOURCES1.xml.gz: Cannot create a string longer than 0x1fffffe8 characters
[18:19:25]   → XMLTV: https://raw.githubusercontent.com/Free-TV/IPTV/master/epg.xml
[18:19:25] ⚠️  https://raw.githubusercontent.com/Free-TV/IPTV/master/epg.xml: HTTP 404 для https://raw.githubusercontent.com/Free-TV/IPTV/master/epg.xml
[18:19:25]   → XMLTV: https://iptv-org.github.io/epg/guides/ru.xml
[18:19:26] ⚠️  https://iptv-org.github.io/epg/guides/ru.xml: HTTP 404 для https://iptv-org.github.io/epg/guides/ru.xml
[18:19:26] ⚠️  Ни один публичный XMLTV-источник не ответил в этот раз
[18:19:26] 🔍 Шаг 2: веб-поиск расписания для 25 каналов без данных...
[18:19:31]   ✅ Первый канал: 32 передач со страницы programma-peredach.com
[18:19:32]   ✅ Россия 1: 23 передач со страницы programma-peredach.com
[18:19:36]   ✅ НТВ: 26 передач со страницы programma-peredach.com
[18:19:39]   ✅ СТС: 11 передач со страницы programma-peredach.com
[18:19:40]   ✅ РЕН ТВ: 27 передач со страницы programma-peredach.com
[18:19:41] ⚠️  webSearch: ни один backend не дал результатов для "ТНТ программа передач сегодня"
[18:19:41] ⚠️  webSearch: ни один backend не дал результатов для "Пятый канал программа передач сегодня"
[18:19:42] ⚠️  webSearch: ни один backend не дал результатов для "ТВ Центр программа передач сегодня"
[18:19:42] ⚠️  webSearch: ни один backend не дал результатов для "ОТР программа передач сегодня"
[18:19:42] ⚠️  webSearch: ни один backend не дал результатов для "Звезда программа передач сегодня"
[18:19:42] ⚠️  webSearch: ни один backend не дал результатов для "ТВ-3 программа передач сегодня"
[18:19:43] ⚠️  webSearch: ни один backend не дал результатов для "Суббота! программа передач сегодня"
[18:19:43] ⚠️  webSearch: ни один backend не дал результатов для "Дом Кино программа передач сегодня"
[18:19:43] ⚠️  webSearch: ни один backend не дал результатов для "Карусель программа передач сегодня"
[18:19:43] ⚠️  webSearch: ни один backend не дал результатов для "Наука программа передач сегодня"
[18:19:44] ⚠️  webSearch: ни один backend не дал результатов для "МУЗ-ТВ программа передач сегодня"
[18:19:45] ⚠️  webSearch: ни один backend не дал результатов для "Матч! ТВ программа передач сегодня"
[18:19:45] ⚠️  webSearch: ни один backend не дал результатов для "Россия 24 программа передач сегодня"
[18:19:45] ⚠️  webSearch: ни один backend не дал результатов для "Домашний программа передач сегодня"
[18:19:45] ⚠️  webSearch: ни один backend не дал результатов для "Пятница! программа передач сегодня"
[18:19:45] ⚠️  webSearch: ни один backend не дал результатов для "Россия Культура программа передач сегодня"
[18:19:46] ⚠️  webSearch: ни один backend не дал результатов для "ТНТ4 программа передач сегодня"
[18:19:46] ⚠️  webSearch: ни один backend не дал результатов для "2x2 программа передач сегодня"
[18:19:46] ⚠️  webSearch: ни один backend не дал результатов для "Мир программа передач сегодня"
[18:19:46] ⚠️  webSearch: ни один backend не дал результатов для "Спас программа передач сегодня"
[18:19:46] 📺 Шаг 3 (резерв): Яндекс.ТВ API для 20 каналов без расписания...
[18:19:47] ⚠️  Яндекс.ТВ каталог недоступен: HTTP 404 для https://tv.yandex.ru/ajax/i-tv-region/get?resource=schedule&params=%7B%22channelLimit%22%3A1000%2C%22channelProgramsLimit%22%3A1%2C%22fields%22%3A%22schedules%2Cchannel%2Ctitle%2CsiteUrl%2Clogo%2CoriginalSize%2Csrc%2Cid%2Csynonyms%22%7D
[18:19:47] 🎬 Шаг 4: загрузка m3u8-плейлистов...
[18:19:47]   📺 Плейлист https://raw.githubusercontent.com/OinkTechLLC/livem3u/main/zabava-full.m3u: 2222 записей
[18:19:48]   📺 Плейлист https://raw.githubusercontent.com/OinkTechLtd/rulive/main/russ.m3u: 12 записей
[18:19:48]   📺 Плейлист https://raw.githubusercontent.com/OinkTechLLC/livem3u/main/smotrim.m3u: 310 записей
[18:19:48]   📡 Привязано 0 реальных потоков
[18:19:48] 💾 Реестр каналов сохранён: 25 каналов
[18:19:48] ✅ Итого: 25 каналов в реестре, 5 с реальным расписанием (57 передач), 26.6с
[15:19:48] 📊 schedule.json: 25 каналов, 57 передач
[15:19:48] 🏗️  Собираем docs/...
[15:19:48]   ✅ index.html
[15:19:48]   ✅ embed.html
[15:19:48]   ✅ player.html
[15:19:48] ✅ docs/ собран
[22:50:24] 🤖 Запуск EPG-робота v3 (Node.js)...
[22:50:24] 📂 Загружен реестр каналов: 25 каналов
[22:50:24] 📡 Шаг 1: реальные XMLTV-агрегаторы...
[22:50:24]   → XMLTV: https://epgshare01.online/epgshare01/epg_ripper_ALL_SOURCES1.xml.gz
[22:50:29] ⚠️  https://epgshare01.online/epgshare01/epg_ripper_ALL_SOURCES1.xml.gz: Cannot create a string longer than 0x1fffffe8 characters
[22:50:29]   → XMLTV: https://raw.githubusercontent.com/Free-TV/IPTV/master/epg.xml
[22:50:29] ⚠️  https://raw.githubusercontent.com/Free-TV/IPTV/master/epg.xml: HTTP 404 для https://raw.githubusercontent.com/Free-TV/IPTV/master/epg.xml
[22:50:29]   → XMLTV: https://iptv-org.github.io/epg/guides/ru.xml
[22:50:29] ⚠️  https://iptv-org.github.io/epg/guides/ru.xml: HTTP 404 для https://iptv-org.github.io/epg/guides/ru.xml
[22:50:29] ⚠️  Ни один публичный XMLTV-источник не ответил в этот раз
[22:50:29] 🔍 Шаг 2: веб-поиск расписания для 25 каналов без данных...
[22:50:30]   ✅ Первый канал: 32 передач со страницы programma-peredach.com
[22:50:32]   ✅ Россия 1: 23 передач со страницы programma-peredach.com
[22:50:33] ⚠️  webSearch: ни один backend не дал результатов для "НТВ программа передач сегодня"
[22:50:33] ⚠️  webSearch: ни один backend не дал результатов для "СТС программа передач сегодня"
[22:50:33] ⚠️  webSearch: ни один backend не дал результатов для "РЕН ТВ программа передач сегодня"
[22:50:33] ⚠️  webSearch: ни один backend не дал результатов для "ТНТ программа передач сегодня"
[22:50:34] ⚠️  webSearch: ни один backend не дал результатов для "Пятый канал программа передач сегодня"
[22:50:34] ⚠️  webSearch: ни один backend не дал результатов для "ТВ Центр программа передач сегодня"
[22:50:34] ⚠️  webSearch: ни один backend не дал результатов для "ОТР программа передач сегодня"
[22:50:35] ⚠️  webSearch: ни один backend не дал результатов для "Звезда программа передач сегодня"
[22:50:35] ⚠️  webSearch: ни один backend не дал результатов для "ТВ-3 программа передач сегодня"
[22:50:35] ⚠️  webSearch: ни один backend не дал результатов для "Суббота! программа передач сегодня"
[22:50:36] ⚠️  webSearch: ни один backend не дал результатов для "Дом Кино программа передач сегодня"
[22:50:36] ⚠️  webSearch: ни один backend не дал результатов для "Карусель программа передач сегодня"
[22:50:36] ⚠️  webSearch: ни один backend не дал результатов для "Наука программа передач сегодня"
[22:50:36] ⚠️  webSearch: ни один backend не дал результатов для "МУЗ-ТВ программа передач сегодня"
[22:50:37] ⚠️  webSearch: ни один backend не дал результатов для "Матч! ТВ программа передач сегодня"
[22:50:37] ⚠️  webSearch: ни один backend не дал результатов для "Россия 24 программа передач сегодня"
[22:50:37] ⚠️  webSearch: ни один backend не дал результатов для "Домашний программа передач сегодня"
[22:50:37] ⚠️  webSearch: ни один backend не дал результатов для "Пятница! программа передач сегодня"
[22:50:38] ⚠️  webSearch: ни один backend не дал результатов для "Россия Культура программа передач сегодня"
[22:50:38] ⚠️  webSearch: ни один backend не дал результатов для "ТНТ4 программа передач сегодня"
[22:50:38] ⚠️  webSearch: ни один backend не дал результатов для "2x2 программа передач сегодня"
[22:50:38] ⚠️  webSearch: ни один backend не дал результатов для "Мир программа передач сегодня"
[22:50:38] ⚠️  webSearch: ни один backend не дал результатов для "Спас программа передач сегодня"
[22:50:38] 📺 Шаг 3 (резерв): Яндекс.ТВ API для 23 каналов без расписания...
[22:50:40] ⚠️  Яндекс.ТВ каталог недоступен: HTTP 404 для https://tv.yandex.ru/ajax/i-tv-region/get?resource=schedule&params=%7B%22channelLimit%22%3A1000%2C%22channelProgramsLimit%22%3A1%2C%22fields%22%3A%22schedules%2Cchannel%2Ctitle%2CsiteUrl%2Clogo%2CoriginalSize%2Csrc%2Cid%2Csynonyms%22%7D
[22:50:40] 🎬 Шаг 4: загрузка m3u8-плейлистов...
[22:50:40]   📺 Плейлист https://raw.githubusercontent.com/OinkTechLLC/livem3u/main/zabava-full.m3u: 2222 записей
[22:50:40]   📺 Плейлист https://raw.githubusercontent.com/OinkTechLtd/rulive/main/russ.m3u: 12 записей
[22:50:40]   📺 Плейлист https://raw.githubusercontent.com/OinkTechLLC/livem3u/main/smotrim.m3u: 310 записей
[22:50:40]   📡 Привязано 0 реальных потоков
[22:50:40] 💾 Реестр каналов сохранён: 25 каналов
[22:50:40] ✅ Итого: 25 каналов в реестре, 2 с реальным расписанием (10 передач), 15.8с
[19:50:40] 📊 schedule.json: 25 каналов, 10 передач
[19:50:40] 🏗️  Собираем docs/...
[19:50:40]   ✅ index.html
[19:50:40]   ✅ embed.html
[19:50:40]   ✅ player.html
[19:50:40] ✅ docs/ собран
[01:04:18] 🤖 Запуск EPG-робота v3 (Node.js)...
[01:04:18] 📂 Загружен реестр каналов: 25 каналов
[01:04:18] 📡 Шаг 1: реальные XMLTV-агрегаторы...
[01:04:18]   → XMLTV: https://epgshare01.online/epgshare01/epg_ripper_ALL_SOURCES1.xml.gz
[01:04:22] ⚠️  https://epgshare01.online/epgshare01/epg_ripper_ALL_SOURCES1.xml.gz: Cannot create a string longer than 0x1fffffe8 characters
[01:04:22]   → XMLTV: https://raw.githubusercontent.com/Free-TV/IPTV/master/epg.xml
[01:04:22] ⚠️  https://raw.githubusercontent.com/Free-TV/IPTV/master/epg.xml: HTTP 404 для https://raw.githubusercontent.com/Free-TV/IPTV/master/epg.xml
[01:04:22]   → XMLTV: https://iptv-org.github.io/epg/guides/ru.xml
[01:04:22] ⚠️  https://iptv-org.github.io/epg/guides/ru.xml: HTTP 404 для https://iptv-org.github.io/epg/guides/ru.xml
[01:04:22] ⚠️  Ни один публичный XMLTV-источник не ответил в этот раз
[01:04:22] 🔍 Шаг 2: веб-поиск расписания для 25 каналов без данных...
[01:04:25]   ✅ Первый канал: 32 передач со страницы programma-peredach.com
[01:04:27]   ✅ Россия 1: 23 передач со страницы programma-peredach.com
[01:04:29]   ✅ НТВ: 26 передач со страницы programma-peredach.com
[01:04:29] ⚠️  webSearch: ни один backend не дал результатов для "СТС программа передач сегодня"
[01:04:30] ⚠️  webSearch: ни один backend не дал результатов для "РЕН ТВ программа передач сегодня"
[01:04:30] ⚠️  webSearch: ни один backend не дал результатов для "ТНТ программа передач сегодня"
[01:04:30] ⚠️  webSearch: ни один backend не дал результатов для "Пятый канал программа передач сегодня"
[01:04:31] ⚠️  webSearch: ни один backend не дал результатов для "ТВ Центр программа передач сегодня"
[01:04:31] ⚠️  webSearch: ни один backend не дал результатов для "ОТР программа передач сегодня"
[01:04:31] ⚠️  webSearch: ни один backend не дал результатов для "Звезда программа передач сегодня"
[01:04:31] ⚠️  webSearch: ни один backend не дал результатов для "ТВ-3 программа передач сегодня"
[01:04:31] ⚠️  webSearch: ни один backend не дал результатов для "Суббота! программа передач сегодня"
[01:04:32] ⚠️  webSearch: ни один backend не дал результатов для "Дом Кино программа передач сегодня"
[01:04:32] ⚠️  webSearch: ни один backend не дал результатов для "Карусель программа передач сегодня"
[01:04:32] ⚠️  webSearch: ни один backend не дал результатов для "Наука программа передач сегодня"
[01:04:32] ⚠️  webSearch: ни один backend не дал результатов для "МУЗ-ТВ программа передач сегодня"
[01:04:33] ⚠️  webSearch: ни один backend не дал результатов для "Матч! ТВ программа передач сегодня"
[01:04:33] ⚠️  webSearch: ни один backend не дал результатов для "Россия 24 программа передач сегодня"
[01:04:33] ⚠️  webSearch: ни один backend не дал результатов для "Домашний программа передач сегодня"
[01:04:33] ⚠️  webSearch: ни один backend не дал результатов для "Пятница! программа передач сегодня"
[01:04:34] ⚠️  webSearch: ни один backend не дал результатов для "Россия Культура программа передач сегодня"
[01:04:37] ⚠️  webSearch: ни один backend не дал результатов для "ТНТ4 программа передач сегодня"
[01:04:37] ⚠️  webSearch: ни один backend не дал результатов для "2x2 программа передач сегодня"
[01:04:37] ⚠️  webSearch: ни один backend не дал результатов для "Мир программа передач сегодня"
[01:04:38] ⚠️  webSearch: ни один backend не дал результатов для "Спас программа передач сегодня"
[01:04:38] 📺 Шаг 3 (резерв): Яндекс.ТВ API для 22 каналов без расписания...
[01:04:38] ⚠️  Яндекс.ТВ каталог недоступен: HTTP 404 для https://tv.yandex.ru/ajax/i-tv-region/get?resource=schedule&params=%7B%22channelLimit%22%3A1000%2C%22channelProgramsLimit%22%3A1%2C%22fields%22%3A%22schedules%2Cchannel%2Ctitle%2CsiteUrl%2Clogo%2CoriginalSize%2Csrc%2Cid%2Csynonyms%22%7D
[01:04:38] 🎬 Шаг 4: загрузка m3u8-плейлистов...
[01:04:38]   📺 Плейлист https://raw.githubusercontent.com/OinkTechLLC/livem3u/main/zabava-full.m3u: 2222 записей
[01:04:38]   📺 Плейлист https://raw.githubusercontent.com/OinkTechLtd/rulive/main/russ.m3u: 12 записей
[01:04:38]   📺 Плейлист https://raw.githubusercontent.com/OinkTechLLC/livem3u/main/smotrim.m3u: 310 записей
[01:04:38]   📡 Привязано 0 реальных потоков
[01:04:38] 💾 Реестр каналов сохранён: 25 каналов
[01:04:38] ✅ Итого: 25 каналов в реестре, 3 с реальным расписанием (81 передач), 20.7с
[22:04:39] 📊 schedule.json: 25 каналов, 81 передач
[22:04:39] 🏗️  Собираем docs/...
[22:04:39]   ✅ index.html
[22:04:39]   ✅ embed.html
[22:04:39]   ✅ player.html
[22:04:39] ✅ docs/ собран
[06:43:13] 🤖 Запуск EPG-робота v3 (Node.js)...
[06:43:13] 📂 Загружен реестр каналов: 25 каналов
[06:43:13] 📡 Шаг 1: реальные XMLTV-агрегаторы...
[06:43:13]   → XMLTV: https://epgshare01.online/epgshare01/epg_ripper_ALL_SOURCES1.xml.gz
[06:43:17] ⚠️  https://epgshare01.online/epgshare01/epg_ripper_ALL_SOURCES1.xml.gz: Cannot create a string longer than 0x1fffffe8 characters
[06:43:17]   → XMLTV: https://raw.githubusercontent.com/Free-TV/IPTV/master/epg.xml
[06:43:17] ⚠️  https://raw.githubusercontent.com/Free-TV/IPTV/master/epg.xml: HTTP 404 для https://raw.githubusercontent.com/Free-TV/IPTV/master/epg.xml
[06:43:17]   → XMLTV: https://iptv-org.github.io/epg/guides/ru.xml
[06:43:17] ⚠️  https://iptv-org.github.io/epg/guides/ru.xml: HTTP 404 для https://iptv-org.github.io/epg/guides/ru.xml
[06:43:17] ⚠️  Ни один публичный XMLTV-источник не ответил в этот раз
[06:43:17] 🔍 Шаг 2: веб-поиск расписания для 25 каналов без данных...
[06:43:21]   ✅ Первый канал: 30 передач со страницы programma-peredach.com
[06:43:22]   ✅ Россия 1: 27 передач со страницы programma-peredach.com
[06:43:23] ⚠️  webSearch: ни один backend не дал результатов для "НТВ программа передач сегодня"
[06:43:23] ⚠️  webSearch: ни один backend не дал результатов для "СТС программа передач сегодня"
[06:43:23] ⚠️  webSearch: ни один backend не дал результатов для "РЕН ТВ программа передач сегодня"
[06:43:24] ⚠️  webSearch: ни один backend не дал результатов для "ТНТ программа передач сегодня"
[06:43:24] ⚠️  webSearch: ни один backend не дал результатов для "Пятый канал программа передач сегодня"
[06:43:24] ⚠️  webSearch: ни один backend не дал результатов для "ТВ Центр программа передач сегодня"
[06:43:24] ⚠️  webSearch: ни один backend не дал результатов для "ОТР программа передач сегодня"
[06:43:24] ⚠️  webSearch: ни один backend не дал результатов для "Звезда программа передач сегодня"
[06:43:25] ⚠️  webSearch: ни один backend не дал результатов для "ТВ-3 программа передач сегодня"
[06:43:25] ⚠️  webSearch: ни один backend не дал результатов для "Суббота! программа передач сегодня"
[06:43:25] ⚠️  webSearch: ни один backend не дал результатов для "Дом Кино программа передач сегодня"
[06:43:25] ⚠️  webSearch: ни один backend не дал результатов для "Карусель программа передач сегодня"
[06:43:30] ⚠️  webSearch: ни один backend не дал результатов для "Наука программа передач сегодня"
[06:43:32] ⚠️  webSearch: ни один backend не дал результатов для "МУЗ-ТВ программа передач сегодня"
[06:43:32] ⚠️  webSearch: ни один backend не дал результатов для "Матч! ТВ программа передач сегодня"
[06:43:33] ⚠️  webSearch: ни один backend не дал результатов для "Россия 24 программа передач сегодня"
[06:43:33] ⚠️  webSearch: ни один backend не дал результатов для "Домашний программа передач сегодня"
[06:43:33] ⚠️  webSearch: ни один backend не дал результатов для "Пятница! программа передач сегодня"
[06:43:33] ⚠️  webSearch: ни один backend не дал результатов для "Россия Культура программа передач сегодня"
[06:43:33] ⚠️  webSearch: ни один backend не дал результатов для "ТНТ4 программа передач сегодня"
[06:43:34] ⚠️  webSearch: ни один backend не дал результатов для "2x2 программа передач сегодня"
[06:43:34] ⚠️  webSearch: ни один backend не дал результатов для "Мир программа передач сегодня"
[06:43:34] ⚠️  webSearch: ни один backend не дал результатов для "Спас программа передач сегодня"
[06:43:34] 📺 Шаг 3 (резерв): Яндекс.ТВ API для 23 каналов без расписания...
[06:43:36] ⚠️  Яндекс.ТВ каталог недоступен: HTTP 404 для https://tv.yandex.ru/ajax/i-tv-region/get?resource=schedule&params=%7B%22channelLimit%22%3A1000%2C%22channelProgramsLimit%22%3A1%2C%22fields%22%3A%22schedules%2Cchannel%2Ctitle%2CsiteUrl%2Clogo%2CoriginalSize%2Csrc%2Cid%2Csynonyms%22%7D
[06:43:36] 🎬 Шаг 4: загрузка m3u8-плейлистов...
[06:43:36]   📺 Плейлист https://raw.githubusercontent.com/OinkTechLLC/livem3u/main/zabava-full.m3u: 2222 записей
[06:43:36]   📺 Плейлист https://raw.githubusercontent.com/OinkTechLtd/rulive/main/russ.m3u: 12 записей
[06:43:36]   📺 Плейлист https://raw.githubusercontent.com/OinkTechLLC/livem3u/main/smotrim.m3u: 310 записей
[06:43:36]   📡 Привязано 0 реальных потоков
[06:43:36] 💾 Реестр каналов сохранён: 25 каналов
[06:43:36] ✅ Итого: 25 каналов в реестре, 2 с реальным расписанием (47 передач), 23.3с
[03:43:36] 📊 schedule.json: 25 каналов, 47 передач
[03:43:36] 🏗️  Собираем docs/...
[03:43:36]   ✅ index.html
[03:43:36]   ✅ embed.html
[03:43:36]   ✅ player.html
[03:43:36] ✅ docs/ собран
[11:57:42] 🤖 Запуск EPG-робота v3 (Node.js)...
[11:57:42] 📂 Загружен реестр каналов: 25 каналов
[11:57:42] 📡 Шаг 1: реальные XMLTV-агрегаторы...
[11:57:42]   → XMLTV: https://epgshare01.online/epgshare01/epg_ripper_ALL_SOURCES1.xml.gz
[11:57:46] ⚠️  https://epgshare01.online/epgshare01/epg_ripper_ALL_SOURCES1.xml.gz: Cannot create a string longer than 0x1fffffe8 characters
[11:57:46]   → XMLTV: https://raw.githubusercontent.com/Free-TV/IPTV/master/epg.xml
[11:57:46] ⚠️  https://raw.githubusercontent.com/Free-TV/IPTV/master/epg.xml: HTTP 404 для https://raw.githubusercontent.com/Free-TV/IPTV/master/epg.xml
[11:57:46]   → XMLTV: https://iptv-org.github.io/epg/guides/ru.xml
[11:57:46] ⚠️  https://iptv-org.github.io/epg/guides/ru.xml: HTTP 404 для https://iptv-org.github.io/epg/guides/ru.xml
[11:57:46] ⚠️  Ни один публичный XMLTV-источник не ответил в этот раз
[11:57:46] 🔍 Шаг 2: веб-поиск расписания для 25 каналов без данных...
[11:57:53]   ✅ Первый канал: 29 передач со страницы tv.rambler.ru
[11:57:55]   ✅ Россия 1: 27 передач со страницы programma-peredach.com
[11:57:56] ⚠️  webSearch: ни один backend не дал результатов для "НТВ программа передач сегодня"
[11:57:56] ⚠️  webSearch: ни один backend не дал результатов для "СТС программа передач сегодня"
[11:57:57] ⚠️  webSearch: ни один backend не дал результатов для "РЕН ТВ программа передач сегодня"
[11:57:57] ⚠️  webSearch: ни один backend не дал результатов для "ТНТ программа передач сегодня"
[11:57:57] ⚠️  webSearch: ни один backend не дал результатов для "Пятый канал программа передач сегодня"
[11:57:57] ⚠️  webSearch: ни один backend не дал результатов для "ТВ Центр программа передач сегодня"
[11:57:58] ⚠️  webSearch: ни один backend не дал результатов для "ОТР программа передач сегодня"
[11:57:58] ⚠️  webSearch: ни один backend не дал результатов для "Звезда программа передач сегодня"
[11:57:58] ⚠️  webSearch: ни один backend не дал результатов для "ТВ-3 программа передач сегодня"
[11:57:58] ⚠️  webSearch: ни один backend не дал результатов для "Суббота! программа передач сегодня"
[11:57:59] ⚠️  webSearch: ни один backend не дал результатов для "Дом Кино программа передач сегодня"
[11:57:59] ⚠️  webSearch: ни один backend не дал результатов для "Карусель программа передач сегодня"
[11:57:59] ⚠️  webSearch: ни один backend не дал результатов для "Наука программа передач сегодня"
[11:57:59] ⚠️  webSearch: ни один backend не дал результатов для "МУЗ-ТВ программа передач сегодня"
[11:58:00] ⚠️  webSearch: ни один backend не дал результатов для "Матч! ТВ программа передач сегодня"
[11:58:00] ⚠️  webSearch: ни один backend не дал результатов для "Россия 24 программа передач сегодня"
[11:58:00] ⚠️  webSearch: ни один backend не дал результатов для "Домашний программа передач сегодня"
[11:58:00] ⚠️  webSearch: ни один backend не дал результатов для "Пятница! программа передач сегодня"
[11:58:01] ⚠️  webSearch: ни один backend не дал результатов для "Россия Культура программа передач сегодня"
[11:58:01] ⚠️  webSearch: ни один backend не дал результатов для "ТНТ4 программа передач сегодня"
[11:58:01] ⚠️  webSearch: ни один backend не дал результатов для "2x2 программа передач сегодня"
[11:58:01] ⚠️  webSearch: ни один backend не дал результатов для "Мир программа передач сегодня"
[11:58:01] ⚠️  webSearch: ни один backend не дал результатов для "Спас программа передач сегодня"
[11:58:01] 📺 Шаг 3 (резерв): Яндекс.ТВ API для 23 каналов без расписания...
[11:58:02] ⚠️  Яндекс.ТВ каталог недоступен: HTTP 404 для https://tv.yandex.ru/ajax/i-tv-region/get?resource=schedule&params=%7B%22channelLimit%22%3A1000%2C%22channelProgramsLimit%22%3A1%2C%22fields%22%3A%22schedules%2Cchannel%2Ctitle%2CsiteUrl%2Clogo%2CoriginalSize%2Csrc%2Cid%2Csynonyms%22%7D
[11:58:02] 🎬 Шаг 4: загрузка m3u8-плейлистов...
[11:58:02]   📺 Плейлист https://raw.githubusercontent.com/OinkTechLLC/livem3u/main/zabava-full.m3u: 2222 записей
[11:58:02]   📺 Плейлист https://raw.githubusercontent.com/OinkTechLtd/rulive/main/russ.m3u: 12 записей
[11:58:02]   📺 Плейлист https://raw.githubusercontent.com/OinkTechLLC/livem3u/main/smotrim.m3u: 310 записей
[11:58:02]   📡 Привязано 0 реальных потоков
[11:58:02] 💾 Реестр каналов сохранён: 25 каналов
[11:58:02] ✅ Итого: 25 каналов в реестре, 2 с реальным расписанием (33 передач), 20.7с
[08:58:03] 📊 schedule.json: 25 каналов, 33 передач
[08:58:03] 🏗️  Собираем docs/...
[08:58:03]   ✅ index.html
[08:58:03]   ✅ embed.html
[08:58:03]   ✅ player.html
[08:58:03] ✅ docs/ собран
[14:23:25] 🤖 Запуск EPG-робота v3 (Node.js)...
[14:23:25] 📂 Загружен реестр каналов: 25 каналов
[14:23:25] 📡 Шаг 1: реальные XMLTV-агрегаторы...
[14:23:25]   → XMLTV: https://epgshare01.online/epgshare01/epg_ripper_ALL_SOURCES1.xml.gz
[14:23:31] ⚠️  https://epgshare01.online/epgshare01/epg_ripper_ALL_SOURCES1.xml.gz: Cannot create a string longer than 0x1fffffe8 characters
[14:23:31]   → XMLTV: https://raw.githubusercontent.com/Free-TV/IPTV/master/epg.xml
[14:23:31] ⚠️  https://raw.githubusercontent.com/Free-TV/IPTV/master/epg.xml: HTTP 404 для https://raw.githubusercontent.com/Free-TV/IPTV/master/epg.xml
[14:23:31]   → XMLTV: https://iptv-org.github.io/epg/guides/ru.xml
[14:23:31] ⚠️  https://iptv-org.github.io/epg/guides/ru.xml: HTTP 404 для https://iptv-org.github.io/epg/guides/ru.xml
[14:23:31] ⚠️  Ни один публичный XMLTV-источник не ответил в этот раз
[14:23:31] 🔍 Шаг 2: веб-поиск расписания для 25 каналов без данных...
[14:23:32] ⚠️  webSearch: ни один backend не дал результатов для "Первый канал программа передач сегодня"
[14:23:32] ⚠️  webSearch: ни один backend не дал результатов для "Россия 1 программа передач сегодня"
[14:23:33] ⚠️  webSearch: ни один backend не дал результатов для "НТВ программа передач сегодня"
[14:23:33] ⚠️  webSearch: ни один backend не дал результатов для "СТС программа передач сегодня"
[14:23:33] ⚠️  webSearch: ни один backend не дал результатов для "РЕН ТВ программа передач сегодня"
[14:23:33] ⚠️  webSearch: ни один backend не дал результатов для "ТНТ программа передач сегодня"
[14:23:34] ⚠️  webSearch: ни один backend не дал результатов для "Пятый канал программа передач сегодня"
[14:23:34] ⚠️  webSearch: ни один backend не дал результатов для "ТВ Центр программа передач сегодня"
[14:23:34] ⚠️  webSearch: ни один backend не дал результатов для "ОТР программа передач сегодня"
[14:23:34] ⚠️  webSearch: ни один backend не дал результатов для "Звезда программа передач сегодня"
[14:23:34] ⚠️  webSearch: ни один backend не дал результатов для "ТВ-3 программа передач сегодня"
[14:23:35] ⚠️  webSearch: ни один backend не дал результатов для "Суббота! программа передач сегодня"
[14:23:35] ⚠️  webSearch: ни один backend не дал результатов для "Дом Кино программа передач сегодня"
[14:23:35] ⚠️  webSearch: ни один backend не дал результатов для "Карусель программа передач сегодня"
[14:23:35] ⚠️  webSearch: ни один backend не дал результатов для "Наука программа передач сегодня"
[14:23:35] ⚠️  webSearch: ни один backend не дал результатов для "МУЗ-ТВ программа передач сегодня"
[14:23:35] ⚠️  webSearch: ни один backend не дал результатов для "Матч! ТВ программа передач сегодня"
[14:23:36] ⚠️  webSearch: ни один backend не дал результатов для "Россия 24 программа передач сегодня"
[14:23:36] ⚠️  webSearch: ни один backend не дал результатов для "Домашний программа передач сегодня"
[14:23:36] ⚠️  webSearch: ни один backend не дал результатов для "Пятница! программа передач сегодня"
[14:23:36] ⚠️  webSearch: ни один backend не дал результатов для "Россия Культура программа передач сегодня"
[14:23:37] ⚠️  webSearch: ни один backend не дал результатов для "ТНТ4 программа передач сегодня"
[14:23:37] ⚠️  webSearch: ни один backend не дал результатов для "2x2 программа передач сегодня"
[14:23:37] ⚠️  webSearch: ни один backend не дал результатов для "Мир программа передач сегодня"
[14:23:37] ⚠️  webSearch: ни один backend не дал результатов для "Спас программа передач сегодня"
[14:23:37] 📺 Шаг 3 (резерв): Яндекс.ТВ API для 25 каналов без расписания...
[14:23:38] ⚠️  Яндекс.ТВ каталог недоступен: HTTP 404 для https://tv.yandex.ru/ajax/i-tv-region/get?resource=schedule&params=%7B%22channelLimit%22%3A1000%2C%22channelProgramsLimit%22%3A1%2C%22fields%22%3A%22schedules%2Cchannel%2Ctitle%2CsiteUrl%2Clogo%2CoriginalSize%2Csrc%2Cid%2Csynonyms%22%7D
[14:23:38] 🎬 Шаг 4: загрузка m3u8-плейлистов...
[14:23:38]   📺 Плейлист https://raw.githubusercontent.com/OinkTechLLC/livem3u/main/zabava-full.m3u: 2222 записей
[14:23:38]   📺 Плейлист https://raw.githubusercontent.com/OinkTechLtd/rulive/main/russ.m3u: 12 записей
[14:23:38]   📺 Плейлист https://raw.githubusercontent.com/OinkTechLLC/livem3u/main/smotrim.m3u: 310 записей
[14:23:38]   📡 Привязано 0 реальных потоков
[14:23:38] 💾 Реестр каналов сохранён: 25 каналов
[14:23:38] ✅ Итого: 25 каналов в реестре, 0 с реальным расписанием (0 передач), 13.5с
[11:23:39] 📊 schedule.json: 25 каналов, 0 передач
[11:23:39] 🏗️  Собираем docs/...
[11:23:39]   ✅ index.html
[11:23:39]   ✅ embed.html
[11:23:39]   ✅ player.html
[11:23:39] ✅ docs/ собран
[17:05:26] 🤖 Запуск EPG-робота v3 (Node.js)...
[17:05:26] 📂 Загружен реестр каналов: 25 каналов
[17:05:26] 📡 Шаг 1: реальные XMLTV-агрегаторы...
[17:05:26]   → XMLTV: https://epgshare01.online/epgshare01/epg_ripper_ALL_SOURCES1.xml.gz
[17:05:30] ⚠️  https://epgshare01.online/epgshare01/epg_ripper_ALL_SOURCES1.xml.gz: Cannot create a string longer than 0x1fffffe8 characters
[17:05:30]   → XMLTV: https://raw.githubusercontent.com/Free-TV/IPTV/master/epg.xml
[17:05:30] ⚠️  https://raw.githubusercontent.com/Free-TV/IPTV/master/epg.xml: HTTP 404 для https://raw.githubusercontent.com/Free-TV/IPTV/master/epg.xml
[17:05:30]   → XMLTV: https://iptv-org.github.io/epg/guides/ru.xml
[17:05:30] ⚠️  https://iptv-org.github.io/epg/guides/ru.xml: HTTP 404 для https://iptv-org.github.io/epg/guides/ru.xml
[17:05:30] ⚠️  Ни один публичный XMLTV-источник не ответил в этот раз
[17:05:30] 🔍 Шаг 2: веб-поиск расписания для 25 каналов без данных...
[17:05:33]   ✅ Первый канал: 30 передач со страницы programma-peredach.com
[17:05:35]   ✅ Россия 1: 27 передач со страницы programma-peredach.com
[17:05:36] ⚠️  webSearch: ни один backend не дал результатов для "НТВ программа передач сегодня"
[17:05:36] ⚠️  webSearch: ни один backend не дал результатов для "СТС программа передач сегодня"
[17:05:36] ⚠️  webSearch: ни один backend не дал результатов для "РЕН ТВ программа передач сегодня"
[17:05:37] ⚠️  webSearch: ни один backend не дал результатов для "ТНТ программа передач сегодня"
[17:05:37] ⚠️  webSearch: ни один backend не дал результатов для "Пятый канал программа передач сегодня"
[17:05:37] ⚠️  webSearch: ни один backend не дал результатов для "ТВ Центр программа передач сегодня"
[17:05:37] ⚠️  webSearch: ни один backend не дал результатов для "ОТР программа передач сегодня"
[17:05:38] ⚠️  webSearch: ни один backend не дал результатов для "Звезда программа передач сегодня"
[17:05:38] ⚠️  webSearch: ни один backend не дал результатов для "ТВ-3 программа передач сегодня"
[17:05:38] ⚠️  webSearch: ни один backend не дал результатов для "Суббота! программа передач сегодня"
[17:05:38] ⚠️  webSearch: ни один backend не дал результатов для "Дом Кино программа передач сегодня"
[17:05:38] ⚠️  webSearch: ни один backend не дал результатов для "Карусель программа передач сегодня"
[17:05:39] ⚠️  webSearch: ни один backend не дал результатов для "Наука программа передач сегодня"
[17:05:39] ⚠️  webSearch: ни один backend не дал результатов для "МУЗ-ТВ программа передач сегодня"
[17:05:39] ⚠️  webSearch: ни один backend не дал результатов для "Матч! ТВ программа передач сегодня"
[17:05:39] ⚠️  webSearch: ни один backend не дал результатов для "Россия 24 программа передач сегодня"
[17:05:39] ⚠️  webSearch: ни один backend не дал результатов для "Домашний программа передач сегодня"
[17:05:40] ⚠️  webSearch: ни один backend не дал результатов для "Пятница! программа передач сегодня"
[17:05:40] ⚠️  webSearch: ни один backend не дал результатов для "Россия Культура программа передач сегодня"
[17:05:40] ⚠️  webSearch: ни один backend не дал результатов для "ТНТ4 программа передач сегодня"
[17:05:40] ⚠️  webSearch: ни один backend не дал результатов для "2x2 программа передач сегодня"
[17:05:40] ⚠️  webSearch: ни один backend не дал результатов для "Мир программа передач сегодня"
[17:05:40] ⚠️  webSearch: ни один backend не дал результатов для "Спас программа передач сегодня"
[17:05:40] 📺 Шаг 3 (резерв): Яндекс.ТВ API для 23 каналов без расписания...
[17:05:42] ⚠️  Яндекс.ТВ каталог недоступен: HTTP 404 для https://tv.yandex.ru/ajax/i-tv-region/get?resource=schedule&params=%7B%22channelLimit%22%3A1000%2C%22channelProgramsLimit%22%3A1%2C%22fields%22%3A%22schedules%2Cchannel%2Ctitle%2CsiteUrl%2Clogo%2CoriginalSize%2Csrc%2Cid%2Csynonyms%22%7D
[17:05:42] 🎬 Шаг 4: загрузка m3u8-плейлистов...
[17:05:42]   📺 Плейлист https://raw.githubusercontent.com/OinkTechLLC/livem3u/main/zabava-full.m3u: 2222 записей
[17:05:42]   📺 Плейлист https://raw.githubusercontent.com/OinkTechLtd/rulive/main/russ.m3u: 12 записей
[17:05:42]   📺 Плейлист https://raw.githubusercontent.com/OinkTechLLC/livem3u/main/smotrim.m3u: 310 записей
[17:05:42]   📡 Привязано 0 реальных потоков
[17:05:42] 💾 Реестр каналов сохранён: 25 каналов
[17:05:42] ✅ Итого: 25 каналов в реестре, 2 с реальным расписанием (23 передач), 16.4с
[14:05:42] 📊 schedule.json: 25 каналов, 23 передач
[14:05:42] 🏗️  Собираем docs/...
[14:05:42]   ✅ index.html
[14:05:42]   ✅ embed.html
[14:05:42]   ✅ player.html
[14:05:42] ✅ docs/ собран
